app/build/outputs/logs/manifest-merger-debug-report.txt
-- Merging decision tree log ---
manifest
ADDED from src\main\AndroidManifest.xml:2:1-40:12
INJECTED from src\main\AndroidManifest.xml:2:1-40:12
INJECTED from src\main\AndroidManifest.xml:2:1-40:12
INJECTED from src\main\AndroidManifest.xml:2:1-40:12
MERGED from [androidx.constraintlayout:constraintlayout:2.0.0-alpha3] AndroidManifest.xml:2:1-11:12
MERGED from [com.google.android.material:material:1.1.0-alpha02] AndroidManifest.xml:17:1-24:12
MERGED from [androidx.appcompat:appcompat:1.1.0-alpha01] AndroidManifest.xml:17:1-22:12
MERGED from [androidx.legacy:legacy-support-v4:1.0.0-rc01] AndroidManifest.xml:17:1-22:12
MERGED from [de.hdodenhof:circleimageview:2.2.0] AndroidManifest.xml:2:1-11:12
MERGED from [com.klinkerapps:searchview:2.2.5] AndroidManifest.xml:2:1-15:12
MERGED from [androidx.recyclerview:recyclerview:1.1.0-alpha01] AndroidManifest.xml:17:1-22:12
MERGED from [androidx.cardview:cardview:1.0.0] AndroidManifest.xml:17:1-22:12
MERGED from [androidx.media:media:1.0.0-rc01] AndroidManifest.xml:17:1-22:12
MERGED from [androidx.transition:transition:1.0.0] AndroidManifest.xml:17:1-22:12
MERGED from [androidx.fragment:fragment:1.1.0-alpha02] AndroidManifest.xml:17:1-22:12
MERGED from [androidx.activity:activity:1.0.0-alpha02] AndroidManifest.xml:17:1-22:12
MERGED from [androidx.vectordrawable:vectordrawable-animated:1.0.0] AndroidManifest.xml:17:1-22:12
MERGED from [androidx.legacy:legacy-support-core-ui:1.0.0] AndroidManifest.xml:17:1-22:12
MERGED from [androidx.drawerlayout:drawerlayout:1.0.0] AndroidManifest.xml:17:1-22:12
MERGED from [androidx.legacy:legacy-support-core-utils:1.0.0] AndroidManifest.xml:17:1-22:12
MERGED from [androidx.vectordrawable:vectordrawable:1.0.1] AndroidManifest.xml:17:1-22:12
MERGED from [androidx.viewpager:viewpager:1.0.0] AndroidManifest.xml:17:1-22:12
MERGED from [androidx.coordinatorlayout:coordinatorlayout:1.0.0] AndroidManifest.xml:17:1-22:12
MERGED from [androidx.slidingpanelayout:slidingpanelayout:1.0.0] AndroidManifest.xml:17:1-22:12
MERGED from [androidx.customview:customview:1.0.0] AndroidManifest.xml:17:1-22:12
MERGED from [androidx.loader:loader:1.0.0] AndroidManifest.xml:17:1-22:12
MERGED from [androidx.swiperefreshlayout:swiperefreshlayout:1.0.0] AndroidManifest.xml:17:1-22:12
MERGED from [androidx.asynclayoutinflater:asynclayoutinflater:1.0.0] AndroidManifest.xml:17:1-22:12
MERGED from [androidx.core:core:1.1.0-alpha02] AndroidManifest.xml:17:1-24:12
MERGED from [androidx.versionedparcelable:versionedparcelable:1.1.0-alpha01] AndroidManifest.xml:17:1-25:12
MERGED from [androidx.cursoradapter:cursoradapter:1.0.0] AndroidManifest.xml:17:1-22:12
MERGED from [androidx.lifecycle:lifecycle-viewmodel:2.0.0] AndroidManifest.xml:17:1-22:12
MERGED from [androidx.interpolator:interpolator:1.0.0] AndroidManifest.xml:17:1-22:12
MERGED from [androidx.documentfile:documentfile:1.0.0] AndroidManifest.xml:17:1-22:12
MERGED from [androidx.localbroadcastmanager:localbroadcastmanager:1.0.0] AndroidManifest.xml:17:1-22:12
MERGED from [androidx.print:print:1.0.0] AndroidManifest.xml:17:1-22:12
MERGED from [androidx.lifecycle:lifecycle-runtime:2.0.0] AndroidManifest.xml:17:1-22:12
MERGED from [androidx.lifecycle:lifecycle-livedata:2.0.0] AndroidManifest.xml:17:1-22:12
MERGED from [androidx.lifecycle:lifecycle-livedata-core:2.0.0] AndroidManifest.xml:17:1-22:12
MERGED from [androidx.arch.core:core-runtime:2.0.0] AndroidManifest.xml:17:1-22:12
INJECTED from src\main\AndroidManifest.xml:2:1-40:12
INJECTED from src\main\AndroidManifest.xml:2:1-40:12
INJECTED from src\main\AndroidManifest.xml:2:1-40:12
	package
		ADDED from src\main\AndroidManifest.xml:3:5-53
		INJECTED from src\main\AndroidManifest.xml
		INJECTED from src\main\AndroidManifest.xml
	android:versionName
		INJECTED from src\main\AndroidManifest.xml
		ADDED from src\main\AndroidManifest.xml:2:1-40:12
		INJECTED from src\main\AndroidManifest.xml
	android:versionCode
		INJECTED from src\main\AndroidManifest.xml
		ADDED from src\main\AndroidManifest.xml:2:1-40:12
		INJECTED from src\main\AndroidManifest.xml
	xmlns:android
		ADDED from src\main\AndroidManifest.xml:2:11-69
uses-permission#android.permission.INTERNET
ADDED from src\main\AndroidManifest.xml:5:5-67
	android:name
		ADDED from src\main\AndroidManifest.xml:5:22-64
uses-feature#android.hardware.camera
ADDED from src\main\AndroidManifest.xml:6:5-8:35
	android:required
		ADDED from src\main\AndroidManifest.xml:8:9-32
	android:name
		ADDED from src\main\AndroidManifest.xml:7:9-47
uses-permission#android.permission.CALL_PHONE
ADDED from src\main\AndroidManifest.xml:9:5-69
	android:name
		ADDED from src\main\AndroidManifest.xml:9:22-66
application
ADDED from src\main\AndroidManifest.xml:10:5-38:19
MERGED from [androidx.constraintlayout:constraintlayout:2.0.0-alpha3] AndroidManifest.xml:9:5-20
MERGED from [androidx.constraintlayout:constraintlayout:2.0.0-alpha3] AndroidManifest.xml:9:5-20
MERGED from [com.google.android.material:material:1.1.0-alpha02] AndroidManifest.xml:22:5-20
MERGED from [com.google.android.material:material:1.1.0-alpha02] AndroidManifest.xml:22:5-20
MERGED from [de.hdodenhof:circleimageview:2.2.0] AndroidManifest.xml:9:5-20
MERGED from [de.hdodenhof:circleimageview:2.2.0] AndroidManifest.xml:9:5-20
MERGED from [com.klinkerapps:searchview:2.2.5] AndroidManifest.xml:11:5-13:44
MERGED from [com.klinkerapps:searchview:2.2.5] AndroidManifest.xml:11:5-13:44
MERGED from [androidx.core:core:1.1.0-alpha02] AndroidManifest.xml:22:5-89
MERGED from [androidx.core:core:1.1.0-alpha02] AndroidManifest.xml:22:5-89
MERGED from [androidx.versionedparcelable:versionedparcelable:1.1.0-alpha01] AndroidManifest.xml:22:5-23:19
MERGED from [androidx.versionedparcelable:versionedparcelable:1.1.0-alpha01] AndroidManifest.xml:22:5-23:19
	android:appComponentFactory
		ADDED from [androidx.core:core:1.1.0-alpha02] AndroidManifest.xml:22:18-86
	android:supportsRtl
		ADDED from src\main\AndroidManifest.xml:15:9-35
	android:label
		ADDED from src\main\AndroidManifest.xml:13:9-41
	android:fullBackupContent
		ADDED from [com.klinkerapps:searchview:2.2.5] AndroidManifest.xml:13:9-41
	android:roundIcon
		ADDED from src\main\AndroidManifest.xml:14:9-54
	android:icon
		ADDED from src\main\AndroidManifest.xml:12:9-39
	android:allowBackup
		ADDED from src\main\AndroidManifest.xml:11:9-35
	android:theme
		ADDED from src\main\AndroidManifest.xml:16:9-40
activity#com.example.errrynurhadi.AKBFaceUnikom.MainActivity
ADDED from src\main\AndroidManifest.xml:17:9-19:68
	android:theme
		ADDED from src\main\AndroidManifest.xml:19:13-56
	android:name
		ADDED from src\main\AndroidManifest.xml:18:13-79
activity#com.example.errrynurhadi.AKBFaceUnikom.SplashActivity
ADDED from src\main\AndroidManifest.xml:20:9-26:20
	android:name
		ADDED from src\main\AndroidManifest.xml:20:19-87
intent-filter#action:name:android.intent.action.MAIN+category:name:android.intent.category.LAUNCHER
ADDED from src\main\AndroidManifest.xml:21:13-25:29
action#android.intent.action.MAIN
ADDED from src\main\AndroidManifest.xml:22:17-69
	android:name
		ADDED from src\main\AndroidManifest.xml:22:25-66
category#android.intent.category.LAUNCHER
ADDED from src\main\AndroidManifest.xml:24:17-77
	android:name
		ADDED from src\main\AndroidManifest.xml:24:27-74
activity#com.example.errrynurhadi.AKBFaceUnikom.DetailSeluruhTemanActivity
ADDED from src\main\AndroidManifest.xml:28:9-32:20
	android:label
		ADDED from src\main\AndroidManifest.xml:30:13-58
	android:theme
		ADDED from src\main\AndroidManifest.xml:31:13-56
	android:name
		ADDED from src\main\AndroidManifest.xml:29:13-93
activity#com.example.errrynurhadi.AKBFaceUnikom.view.TampilanViewPager
ADDED from src\main\AndroidManifest.xml:34:9-37:20
	android:name
		ADDED from src\main\AndroidManifest.xml:34:19-57
uses-sdk
INJECTED from src\main\AndroidManifest.xml reason: use-sdk injection requested
INJECTED from src\main\AndroidManifest.xml
INJECTED from src\main\AndroidManifest.xml
MERGED from [androidx.constraintlayout:constraintlayout:2.0.0-alpha3] AndroidManifest.xml:5:5-7:41
MERGED from [androidx.constraintlayout:constraintlayout:2.0.0-alpha3] AndroidManifest.xml:5:5-7:41
MERGED from [com.google.android.material:material:1.1.0-alpha02] AndroidManifest.xml:20:5-44
MERGED from [com.google.android.material:material:1.1.0-alpha02] AndroidManifest.xml:20:5-44
MERGED from [androidx.appcompat:appcompat:1.1.0-alpha01] AndroidManifest.xml:20:5-44
MERGED from [androidx.appcompat:appcompat:1.1.0-alpha01] AndroidManifest.xml:20:5-44
MERGED from [androidx.legacy:legacy-support-v4:1.0.0-rc01] AndroidManifest.xml:20:5-44
MERGED from [androidx.legacy:legacy-support-v4:1.0.0-rc01] AndroidManifest.xml:20:5-44
MERGED from [de.hdodenhof:circleimageview:2.2.0] AndroidManifest.xml:5:5-7:41
MERGED from [de.hdodenhof:circleimageview:2.2.0] AndroidManifest.xml:5:5-7:41
MERGED from [com.klinkerapps:searchview:2.2.5] AndroidManifest.xml:7:5-9:41
MERGED from [com.klinkerapps:searchview:2.2.5] AndroidManifest.xml:7:5-9:41
MERGED from [androidx.recyclerview:recyclerview:1.1.0-alpha01] AndroidManifest.xml:20:5-44
MERGED from [androidx.recyclerview:recyclerview:1.1.0-alpha01] AndroidManifest.xml:20:5-44
MERGED from [androidx.cardview:cardview:1.0.0] AndroidManifest.xml:20:5-44
MERGED from [androidx.cardview:cardview:1.0.0] AndroidManifest.xml:20:5-44
MERGED from [androidx.media:media:1.0.0-rc01] AndroidManifest.xml:20:5-44
MERGED from [androidx.media:media:1.0.0-rc01] AndroidManifest.xml:20:5-44
MERGED from [androidx.transition:transition:1.0.0] AndroidManifest.xml:20:5-44
MERGED from [androidx.transition:transition:1.0.0] AndroidManifest.xml:20:5-44
MERGED from [androidx.fragment:fragment:1.1.0-alpha02] AndroidManifest.xml:20:5-44
MERGED from [androidx.fragment:fragment:1.1.0-alpha02] AndroidManifest.xml:20:5-44
MERGED from [androidx.activity:activity:1.0.0-alpha02] AndroidManifest.xml:20:5-44
MERGED from [androidx.activity:activity:1.0.0-alpha02] AndroidManifest.xml:20:5-44
MERGED from [androidx.vectordrawable:vectordrawable-animated:1.0.0] AndroidManifest.xml:20:5-44
MERGED from [androidx.vectordrawable:vectordrawable-animated:1.0.0] AndroidManifest.xml:20:5-44
MERGED from [androidx.legacy:legacy-support-core-ui:1.0.0] AndroidManifest.xml:20:5-44
MERGED from [androidx.legacy:legacy-support-core-ui:1.0.0] AndroidManifest.xml:20:5-44
MERGED from [androidx.drawerlayout:drawerlayout:1.0.0] AndroidManifest.xml:20:5-44
MERGED from [androidx.drawerlayout:drawerlayout:1.0.0] AndroidManifest.xml:20:5-44
MERGED from [androidx.legacy:legacy-support-core-utils:1.0.0] AndroidManifest.xml:20:5-44
MERGED from [androidx.legacy:legacy-support-core-utils:1.0.0] AndroidManifest.xml:20:5-44
MERGED from [androidx.vectordrawable:vectordrawable:1.0.1] AndroidManifest.xml:20:5-44
MERGED from [androidx.vectordrawable:vectordrawable:1.0.1] AndroidManifest.xml:20:5-44
MERGED from [androidx.viewpager:viewpager:1.0.0] AndroidManifest.xml:20:5-44
MERGED from [androidx.viewpager:viewpager:1.0.0] AndroidManifest.xml:20:5-44
MERGED from [androidx.coordinatorlayout:coordinatorlayout:1.0.0] AndroidManifest.xml:20:5-44
MERGED from [androidx.coordinatorlayout:coordinatorlayout:1.0.0] AndroidManifest.xml:20:5-44
MERGED from [androidx.slidingpanelayout:slidingpanelayout:1.0.0] AndroidManifest.xml:20:5-44
MERGED from [androidx.slidingpanelayout:slidingpanelayout:1.0.0] AndroidManifest.xml:20:5-44
MERGED from [androidx.customview:customview:1.0.0] AndroidManifest.xml:20:5-44
MERGED from [androidx.customview:customview:1.0.0] AndroidManifest.xml:20:5-44
MERGED from [androidx.loader:loader:1.0.0] AndroidManifest.xml:20:5-44
MERGED from [androidx.loader:loader:1.0.0] AndroidManifest.xml:20:5-44
MERGED from [androidx.swiperefreshlayout:swiperefreshlayout:1.0.0] AndroidManifest.xml:20:5-44
MERGED from [androidx.swiperefreshlayout:swiperefreshlayout:1.0.0] AndroidManifest.xml:20:5-44
MERGED from [androidx.asynclayoutinflater:asynclayoutinflater:1.0.0] AndroidManifest.xml:20:5-44
MERGED from [androidx.asynclayoutinflater:asynclayoutinflater:1.0.0] AndroidManifest.xml:20:5-44
MERGED from [androidx.core:core:1.1.0-alpha02] AndroidManifest.xml:20:5-44
MERGED from [androidx.core:core:1.1.0-alpha02] AndroidManifest.xml:20:5-44
MERGED from [androidx.versionedparcelable:versionedparcelable:1.1.0-alpha01] AndroidManifest.xml:20:5-44
MERGED from [androidx.versionedparcelable:versionedparcelable:1.1.0-alpha01] AndroidManifest.xml:20:5-44
MERGED from [androidx.cursoradapter:cursoradapter:1.0.0] AndroidManifest.xml:20:5-44
MERGED from [androidx.cursoradapter:cursoradapter:1.0.0] AndroidManifest.xml:20:5-44
MERGED from [androidx.lifecycle:lifecycle-viewmodel:2.0.0] AndroidManifest.xml:20:5-44
MERGED from [androidx.lifecycle:lifecycle-viewmodel:2.0.0] AndroidManifest.xml:20:5-44
MERGED from [androidx.interpolator:interpolator:1.0.0] AndroidManifest.xml:20:5-44
MERGED from [androidx.interpolator:interpolator:1.0.0] AndroidManifest.xml:20:5-44
MERGED from [androidx.documentfile:documentfile:1.0.0] AndroidManifest.xml:20:5-44
MERGED from [androidx.documentfile:documentfile:1.0.0] AndroidManifest.xml:20:5-44
MERGED from [androidx.localbroadcastmanager:localbroadcastmanager:1.0.0] AndroidManifest.xml:20:5-44
MERGED from [androidx.localbroadcastmanager:localbroadcastmanager:1.0.0] AndroidManifest.xml:20:5-44
MERGED from [androidx.print:print:1.0.0] AndroidManifest.xml:20:5-44
MERGED from [androidx.print:print:1.0.0] AndroidManifest.xml:20:5-44
MERGED from [androidx.lifecycle:lifecycle-runtime:2.0.0] AndroidManifest.xml:20:5-44
MERGED from [androidx.lifecycle:lifecycle-runtime:2.0.0] AndroidManifest.xml:20:5-44
MERGED from [androidx.lifecycle:lifecycle-livedata:2.0.0] AndroidManifest.xml:20:5-44
MERGED from [androidx.lifecycle:lifecycle-livedata:2.0.0] AndroidManifest.xml:20:5-44
MERGED from [androidx.lifecycle:lifecycle-livedata-core:2.0.0] AndroidManifest.xml:20:5-44
MERGED from [androidx.lifecycle:lifecycle-livedata-core:2.0.0] AndroidManifest.xml:20:5-44
MERGED from [androidx.arch.core:core-runtime:2.0.0] AndroidManifest.xml:20:5-44
MERGED from [androidx.arch.core:core-runtime:2.0.0] AndroidManifest.xml:20:5-44
INJECTED from src\main\AndroidManifest.xml
INJECTED from src\main\AndroidManifest.xml
	android:targetSdkVersion
		INJECTED from src\main\AndroidManifest.xml
		ADDED from src\main\AndroidManifest.xml
		INJECTED from src\main\AndroidManifest.xml
	android:minSdkVersion
		INJECTED from src\main\AndroidManifest.xml
		ADDED from src\main\AndroidManifest.xml
		INJECTED from src\main\AndroidManifest.xml